빌드 시작: 2019-01-26 오후 10:21:47
     1>2 노드의 "C:\Users\nahky\Desktop\Works\2019 1월 프로젝트\1월 새로운 카드게임 START\1월 새로운 카드게임 START\1월 새로운 카드게임 START.vcxproj" 프로젝트(Build 대상)입니다.
     1>ClCompile:
         C:\Program Files (x86)\Microsoft Visual Studio 12.0\VC\bin\CL.exe /c /ZI /nologo /W3 /WX- /Od /Oy- /D WIN32 /D _DEBUG /D _CONSOLE /D _LIB /D _UNICODE /D UNICODE /Gm /EHsc /RTC1 /MDd /GS /fp:precise /Zc:wchar_t /Zc:forScope /Fo"Debug\\" /Fd"Debug\vc120.pdb" /Gd /TP /analyze- /errorReport:prompt "소스.cpp"
         소스.cpp
     1>c:\users\nahky\desktop\works\2019 1월 프로젝트\1월 새로운 카드게임 start\1월 새로운 카드게임 start\소스.cpp(93): warning C4244: '인수' : 'time_t'에서 'unsigned int'(으)로 변환하면서 데이터가 손실될 수 있습니다.
     1>c:\users\nahky\desktop\works\2019 1월 프로젝트\1월 새로운 카드게임 start\1월 새로운 카드게임 start\소스.cpp(137): warning C4996: 'strcpy': This function or variable may be unsafe. Consider using strcpy_s instead. To disable deprecation, use _CRT_SECURE_NO_WARNINGS. See online help for details.
                 c:\program files (x86)\microsoft visual studio 12.0\vc\include\string.h(112) : 'strcpy' 선언을 참조하십시오.
     1>c:\users\nahky\desktop\works\2019 1월 프로젝트\1월 새로운 카드게임 start\1월 새로운 카드게임 start\소스.cpp(139): warning C4996: 'strcpy': This function or variable may be unsafe. Consider using strcpy_s instead. To disable deprecation, use _CRT_SECURE_NO_WARNINGS. See online help for details.
                 c:\program files (x86)\microsoft visual studio 12.0\vc\include\string.h(112) : 'strcpy' 선언을 참조하십시오.
     1>c:\users\nahky\desktop\works\2019 1월 프로젝트\1월 새로운 카드게임 start\1월 새로운 카드게임 start\소스.cpp(141): warning C4996: 'strcpy': This function or variable may be unsafe. Consider using strcpy_s instead. To disable deprecation, use _CRT_SECURE_NO_WARNINGS. See online help for details.
                 c:\program files (x86)\microsoft visual studio 12.0\vc\include\string.h(112) : 'strcpy' 선언을 참조하십시오.
     1>c:\users\nahky\desktop\works\2019 1월 프로젝트\1월 새로운 카드게임 start\1월 새로운 카드게임 start\소스.cpp(143): warning C4996: 'strcpy': This function or variable may be unsafe. Consider using strcpy_s instead. To disable deprecation, use _CRT_SECURE_NO_WARNINGS. See online help for details.
                 c:\program files (x86)\microsoft visual studio 12.0\vc\include\string.h(112) : 'strcpy' 선언을 참조하십시오.
     1>c:\users\nahky\desktop\works\2019 1월 프로젝트\1월 새로운 카드게임 start\1월 새로운 카드게임 start\소스.cpp(145): warning C4996: 'strcpy': This function or variable may be unsafe. Consider using strcpy_s instead. To disable deprecation, use _CRT_SECURE_NO_WARNINGS. See online help for details.
                 c:\program files (x86)\microsoft visual studio 12.0\vc\include\string.h(112) : 'strcpy' 선언을 참조하십시오.
     1>c:\users\nahky\desktop\works\2019 1월 프로젝트\1월 새로운 카드게임 start\1월 새로운 카드게임 start\소스.cpp(147): warning C4996: 'strcpy': This function or variable may be unsafe. Consider using strcpy_s instead. To disable deprecation, use _CRT_SECURE_NO_WARNINGS. See online help for details.
                 c:\program files (x86)\microsoft visual studio 12.0\vc\include\string.h(112) : 'strcpy' 선언을 참조하십시오.
     1>c:\users\nahky\desktop\works\2019 1월 프로젝트\1월 새로운 카드게임 start\1월 새로운 카드게임 start\소스.cpp(162): warning C4996: 'getch': The POSIX name for this item is deprecated. Instead, use the ISO C++ conformant name: _getch. See online help for details.
                 c:\program files (x86)\microsoft visual studio 12.0\vc\include\conio.h(131) : 'getch' 선언을 참조하십시오.
     1>c:\users\nahky\desktop\works\2019 1월 프로젝트\1월 새로운 카드게임 start\1월 새로운 카드게임 start\소스.cpp(165): warning C4996: 'getch': The POSIX name for this item is deprecated. Instead, use the ISO C++ conformant name: _getch. See online help for details.
                 c:\program files (x86)\microsoft visual studio 12.0\vc\include\conio.h(131) : 'getch' 선언을 참조하십시오.
     1>c:\users\nahky\desktop\works\2019 1월 프로젝트\1월 새로운 카드게임 start\1월 새로운 카드게임 start\소스.cpp(195): warning C4553: '==' : 의미 없는 연산자입니다. '='을(를) 사용하려고 했습니까?
     1>c:\users\nahky\desktop\works\2019 1월 프로젝트\1월 새로운 카드게임 start\1월 새로운 카드게임 start\소스.cpp(197): warning C4553: '==' : 의미 없는 연산자입니다. '='을(를) 사용하려고 했습니까?
     1>c:\users\nahky\desktop\works\2019 1월 프로젝트\1월 새로운 카드게임 start\1월 새로운 카드게임 start\소스.cpp(211): warning C4553: '==' : 의미 없는 연산자입니다. '='을(를) 사용하려고 했습니까?
     1>c:\users\nahky\desktop\works\2019 1월 프로젝트\1월 새로운 카드게임 start\1월 새로운 카드게임 start\소스.cpp(213): warning C4553: '==' : 의미 없는 연산자입니다. '='을(를) 사용하려고 했습니까?
     1>c:\users\nahky\desktop\works\2019 1월 프로젝트\1월 새로운 카드게임 start\1월 새로운 카드게임 start\소스.cpp(290): warning C4996: 'strcpy': This function or variable may be unsafe. Consider using strcpy_s instead. To disable deprecation, use _CRT_SECURE_NO_WARNINGS. See online help for details.
                 c:\program files (x86)\microsoft visual studio 12.0\vc\include\string.h(112) : 'strcpy' 선언을 참조하십시오.
     1>c:\users\nahky\desktop\works\2019 1월 프로젝트\1월 새로운 카드게임 start\1월 새로운 카드게임 start\소스.cpp(293): warning C4996: 'strcpy': This function or variable may be unsafe. Consider using strcpy_s instead. To disable deprecation, use _CRT_SECURE_NO_WARNINGS. See online help for details.
                 c:\program files (x86)\microsoft visual studio 12.0\vc\include\string.h(112) : 'strcpy' 선언을 참조하십시오.
     1>c:\users\nahky\desktop\works\2019 1월 프로젝트\1월 새로운 카드게임 start\1월 새로운 카드게임 start\소스.cpp(295): warning C4996: 'strcpy': This function or variable may be unsafe. Consider using strcpy_s instead. To disable deprecation, use _CRT_SECURE_NO_WARNINGS. See online help for details.
                 c:\program files (x86)\microsoft visual studio 12.0\vc\include\string.h(112) : 'strcpy' 선언을 참조하십시오.
     1>c:\users\nahky\desktop\works\2019 1월 프로젝트\1월 새로운 카드게임 start\1월 새로운 카드게임 start\소스.cpp(297): warning C4996: 'strcpy': This function or variable may be unsafe. Consider using strcpy_s instead. To disable deprecation, use _CRT_SECURE_NO_WARNINGS. See online help for details.
                 c:\program files (x86)\microsoft visual studio 12.0\vc\include\string.h(112) : 'strcpy' 선언을 참조하십시오.
     1>c:\users\nahky\desktop\works\2019 1월 프로젝트\1월 새로운 카드게임 start\1월 새로운 카드게임 start\소스.cpp(299): warning C4996: 'strcpy': This function or variable may be unsafe. Consider using strcpy_s instead. To disable deprecation, use _CRT_SECURE_NO_WARNINGS. See online help for details.
                 c:\program files (x86)\microsoft visual studio 12.0\vc\include\string.h(112) : 'strcpy' 선언을 참조하십시오.
     1>c:\users\nahky\desktop\works\2019 1월 프로젝트\1월 새로운 카드게임 start\1월 새로운 카드게임 start\소스.cpp(301): warning C4996: 'strcpy': This function or variable may be unsafe. Consider using strcpy_s instead. To disable deprecation, use _CRT_SECURE_NO_WARNINGS. See online help for details.
                 c:\program files (x86)\microsoft visual studio 12.0\vc\include\string.h(112) : 'strcpy' 선언을 참조하십시오.
       Link:
         C:\Program Files (x86)\Microsoft Visual Studio 12.0\VC\bin\link.exe /ERRORREPORT:PROMPT /OUT:"C:\Users\nahky\Desktop\Works\2019 1월 프로젝트\1월 새로운 카드게임 START\Debug\1월 새로운 카드게임 START.exe" /INCREMENTAL /NOLOGO kernel32.lib user32.lib gdi32.lib winspool.lib comdlg32.lib advapi32.lib shell32.lib ole32.lib oleaut32.lib uuid.lib odbc32.lib odbccp32.lib /MANIFEST /MANIFESTUAC:"level='asInvoker' uiAccess='false'" /manifest:embed /DEBUG /PDB:"C:\Users\nahky\Desktop\Works\2019 1월 프로젝트\1월 새로운 카드게임 START\Debug\1월 새로운 카드게임 START.pdb" /SUBSYSTEM:CONSOLE /TLBID:1 /DYNAMICBASE /NXCOMPAT /IMPLIB:"C:\Users\nahky\Desktop\Works\2019 1월 프로젝트\1월 새로운 카드게임 START\Debug\1월 새로운 카드게임 START.lib" /MACHINE:X86 "Debug\소스.obj"
         1월 새로운 카드게임 START.vcxproj -> C:\Users\nahky\Desktop\Works\2019 1월 프로젝트\1월 새로운 카드게임 START\Debug\1월 새로운 카드게임 START.exe
     1>"C:\Users\nahky\Desktop\Works\2019 1월 프로젝트\1월 새로운 카드게임 START\1월 새로운 카드게임 START\1월 새로운 카드게임 START.vcxproj" 프로젝트를 빌드했습니다(Build 대상).

빌드했습니다.

경과 시간: 00:00:00.90
